<?xml version="1.0" encoding="UTF-8"?>
<testng-results ignored="0" total="1" passed="1" failed="0" skipped="0">
  <reporter-output>
  </reporter-output>
  <suite started-at="2025-10-04T00:45:12 IST" name="Default Suite" finished-at="2025-10-04T00:45:17 IST" duration-ms="4101">
    <groups>
    </groups>
    <test started-at="2025-10-04T00:45:12 IST" name="SeleniumFramework" finished-at="2025-10-04T00:45:17 IST" duration-ms="4101">
      <class name="Test.LoginTest">
        <test-method is-config="true" signature="setup()[pri:0, instance:Test.LoginTest@3c72f59f]" started-at="2025-10-04T00:45:12 IST" name="setup" finished-at="2025-10-04T00:45:15 IST" duration-ms="2882" status="PASS">
          <reporter-output>
          </reporter-output>
        </test-method> <!-- setup -->
        <test-method signature="testValidLogin()[pri:0, instance:Test.LoginTest@3c72f59f]" started-at="2025-10-04T00:45:15 IST" name="testValidLogin" finished-at="2025-10-04T00:45:16 IST" duration-ms="440" status="PASS">
          <reporter-output>
          </reporter-output>
        </test-method> <!-- testValidLogin -->
        <test-method is-config="true" signature="teardown()[pri:0, instance:Test.LoginTest@3c72f59f]" started-at="2025-10-04T00:45:16 IST" name="teardown" finished-at="2025-10-04T00:45:17 IST" duration-ms="731" status="PASS">
          <reporter-output>
          </reporter-output>
        </test-method> <!-- teardown -->
      </class> <!-- Test.LoginTest -->
    </test> <!-- SeleniumFramework -->
  </suite> <!-- Default Suite -->
</testng-results>
